<?xml version="1.0" encoding="UTF-8"?>
<testsuite name="is.ru.hugb.TestBoard" tests="1" skipped="0" failures="0" errors="0" timestamp="2017-10-16T16:28:13" hostname="laptop-cmtvioub.hir.is" time="0.002">
  <properties/>
  <testcase name="testCheckLegalMove" classname="is.ru.hugb.TestBoard" time="0.002"/>
  <system-out><![CDATA[]]></system-out>
  <system-err><![CDATA[]]></system-err>
</testsuite>
