<?xml version="1.0" encoding="UTF-8"?>
<testsuite name="is.ru.hugb.TestBoard" tests="2" skipped="0" failures="0" errors="0" timestamp="2017-10-23T13:59:26" hostname="Svanhvits-MacBook-Pro.local" time="0.002">
  <properties/>
  <testcase name="testCheckLegalMove" classname="is.ru.hugb.TestBoard" time="0.002"/>
  <testcase name="testIsFull" classname="is.ru.hugb.TestBoard" time="0.0"/>
  <system-out><![CDATA[]]></system-out>
  <system-err><![CDATA[]]></system-err>
</testsuite>
